SF:lib/data/datasources/movie_local_data_source.dart
DA:13,1
DA:16,1
DA:19,2
DA:22,2
DA:26,1
DA:29,2
DA:32,2
DA:36,1
DA:38,2
DA:40,1
DA:46,1
DA:48,2
DA:49,2
LF:13
LH:13
end_of_record
SF:lib/data/models/movie_table.dart
DA:6,24
DA:13,2
DA:14,1
DA:15,1
DA:16,1
DA:17,1
DA:20,2
DA:21,1
DA:22,1
DA:23,1
DA:24,1
DA:31,4
DA:32,2
DA:33,2
DA:34,2
DA:35,2
DA:38,2
DA:39,1
DA:40,1
DA:41,1
DA:42,1
DA:45,2
DA:46,10
LF:23
LH:23
end_of_record
SF:lib/domain/entities/movie.dart
DA:4,27
DA:20,23
DA:50,7
DA:51,7
DA:52,7
DA:53,7
DA:54,7
DA:55,7
DA:56,7
DA:57,7
DA:58,7
DA:59,7
DA:60,7
DA:61,7
DA:62,7
DA:63,7
DA:64,7
LF:17
LH:17
end_of_record
SF:lib/domain/entities/movie_detail.dart
DA:5,24
DA:33,2
DA:34,2
DA:35,2
DA:36,2
DA:37,2
DA:38,2
DA:39,2
DA:40,2
DA:41,2
DA:42,2
DA:43,2
DA:44,2
DA:45,2
LF:14
LH:14
end_of_record
SF:lib/data/datasources/db/movies_db_helper.dart
DA:7,2
DA:8,1
DA:15,1
DA:16,1
DA:21,1
DA:22,1
DA:23,1
DA:25,2
DA:29,1
DA:30,1
DA:37,1
DA:40,1
DA:41,1
DA:42,2
DA:45,1
DA:46,1
DA:47,1
DA:50,2
DA:54,1
DA:55,1
DA:56,1
DA:59,1
DA:62,1
DA:63,1
DA:69,1
DA:70,1
DA:72,1
LF:27
LH:27
end_of_record
SF:lib/data/datasources/movie_remote_data_source.dart
DA:19,1
DA:25,1
DA:28,4
DA:30,2
DA:31,1
DA:32,2
DA:33,1
DA:35,1
DA:39,1
DA:41,4
DA:43,2
DA:44,1
DA:45,2
DA:48,1
DA:52,1
DA:54,1
DA:55,3
DA:57,2
DA:58,1
DA:59,2
DA:60,1
DA:62,1
DA:66,1
DA:69,4
DA:71,2
DA:72,1
DA:73,2
DA:74,1
DA:76,1
DA:80,1
DA:83,4
DA:85,2
DA:86,1
DA:87,2
DA:88,1
DA:90,1
DA:94,1
DA:96,1
DA:97,3
DA:99,2
DA:100,1
DA:101,2
DA:102,1
DA:104,1
LF:44
LH:44
end_of_record
SF:lib/data/models/movie_detail_model.dart
DA:6,2
DA:30,1
DA:31,1
DA:32,1
DA:33,1
DA:34,1
DA:35,1
DA:36,3
DA:37,1
DA:41,1
DA:42,1
DA:43,1
DA:44,1
DA:45,1
DA:46,1
DA:47,1
DA:48,1
DA:49,1
DA:50,1
DA:51,1
DA:52,1
DA:53,1
DA:54,1
DA:55,1
DA:56,1
DA:57,1
DA:82,1
DA:83,1
DA:84,1
DA:85,1
DA:86,5
DA:87,1
DA:88,1
DA:89,1
DA:90,1
DA:91,1
DA:92,1
DA:93,1
DA:94,1
DA:95,1
DA:99,1
DA:100,1
DA:101,1
DA:102,1
DA:103,1
DA:104,1
DA:105,1
DA:106,1
DA:107,1
DA:108,1
DA:109,1
DA:110,1
DA:111,1
DA:112,1
DA:113,1
DA:114,1
DA:115,1
DA:116,1
DA:117,1
DA:118,1
DA:119,1
DA:120,1
DA:121,1
LF:63
LH:63
end_of_record
SF:lib/data/models/movie_model.dart
DA:5,6
DA:21,6
DA:22,3
DA:23,3
DA:24,3
DA:25,8
DA:26,1
DA:27,3
DA:28,3
DA:29,3
DA:30,3
DA:31,3
DA:32,3
DA:33,3
DA:34,3
DA:35,6
DA:36,2
DA:37,6
DA:38,2
DA:39,2
DA:40,3
DA:57,2
DA:58,1
DA:59,1
DA:60,4
DA:61,1
DA:62,1
DA:63,1
DA:64,1
DA:65,1
DA:66,1
DA:67,1
DA:68,1
DA:69,1
DA:70,1
DA:73,2
DA:74,2
DA:75,2
DA:76,2
DA:77,2
DA:78,2
DA:79,2
DA:80,2
DA:81,2
DA:82,2
DA:83,2
DA:84,2
DA:85,2
DA:86,2
DA:87,2
DA:91,3
DA:92,3
DA:93,3
DA:94,3
DA:95,3
DA:96,3
DA:97,3
DA:98,3
DA:99,3
DA:100,3
DA:101,3
DA:102,3
DA:103,3
DA:104,3
DA:105,3
LF:65
LH:65
end_of_record
SF:lib/data/models/movie_response.dart
DA:5,3
DA:7,4
DA:8,2
DA:9,6
DA:10,2
DA:14,2
DA:15,5
DA:18,1
DA:19,2
LF:9
LH:9
end_of_record
SF:lib/data/repositories/movie_repository_impl.dart
DA:14,1
DA:21,1
DA:24,2
DA:25,5
DA:26,1
DA:28,1
DA:33,1
DA:36,2
DA:37,2
DA:38,1
DA:40,1
DA:45,1
DA:48,2
DA:49,3
DA:50,1
DA:52,1
DA:57,1
DA:60,2
DA:61,5
DA:62,1
DA:64,1
DA:69,1
DA:72,2
DA:73,5
DA:74,1
DA:76,1
DA:81,1
DA:84,2
DA:85,5
DA:86,1
DA:88,1
DA:93,1
DA:97,3
DA:98,1
DA:99,1
DA:100,3
DA:106,1
DA:110,3
DA:111,1
DA:112,1
DA:113,3
DA:117,1
DA:119,2
DA:123,1
DA:125,2
DA:126,5
LF:46
LH:46
end_of_record
SF:lib/domain/usecases/get_top_rated_movies.dart
DA:7,1
DA:10,1
DA:11,2
LF:3
LH:3
end_of_record
SF:lib/domain/usecases/get_movie_detail.dart
DA:7,1
DA:10,1
DA:11,2
LF:3
LH:3
end_of_record
SF:lib/domain/usecases/save_watchlist_movie.dart
DA:7,1
DA:10,1
DA:11,2
LF:3
LH:3
end_of_record
SF:lib/domain/usecases/get_movie_recommendations.dart
DA:7,1
DA:10,1
DA:11,2
LF:3
LH:3
end_of_record
SF:lib/domain/usecases/get_watchlist_movies.dart
DA:7,1
DA:10,1
DA:11,2
LF:3
LH:3
end_of_record
SF:lib/domain/usecases/get_now_playing_movies.dart
DA:7,1
DA:10,1
DA:11,2
LF:3
LH:3
end_of_record
SF:lib/domain/usecases/remove_watchlist_movie.dart
DA:7,1
DA:10,1
DA:11,2
LF:3
LH:3
end_of_record
SF:lib/domain/usecases/get_popular_movies.dart
DA:7,1
DA:10,1
DA:11,2
LF:3
LH:3
end_of_record
SF:lib/domain/usecases/search_movies.dart
DA:7,1
DA:10,1
DA:11,2
LF:3
LH:3
end_of_record
SF:lib/domain/usecases/get_watchlist_status_movie.dart
DA:4,1
DA:7,1
DA:8,2
LF:3
LH:3
end_of_record
SF:lib/presentation/bloc/movie_detail/movie_detail_state.dart
DA:4,1
DA:5,1
DA:13,2
DA:17,1
DA:18,2
DA:22,2
DA:26,1
DA:27,2
LF:8
LH:8
end_of_record
SF:lib/presentation/bloc/movie_detail/movie_detail_event.dart
DA:6,2
LF:1
LH:1
end_of_record
SF:lib/presentation/bloc/movie_detail/movie_detail_bloc.dart
DA:10,1
DA:12,2
DA:13,2
DA:14,2
DA:16,3
DA:18,1
DA:19,4
DA:20,3
LF:8
LH:8
end_of_record
SF:lib/presentation/bloc/movies_recommendations/movies_recommendation_state.dart
DA:4,1
DA:5,1
DA:13,2
DA:16,1
DA:17,2
DA:21,2
LF:6
LH:6
end_of_record
SF:lib/presentation/bloc/movies_recommendations/movies_recommendation_event.dart
DA:6,2
LF:1
LH:1
end_of_record
SF:lib/presentation/bloc/movies_recommendations/movies_recommendation_bloc.dart
DA:11,1
DA:13,2
DA:14,2
DA:15,2
DA:17,3
DA:19,1
DA:20,4
DA:21,3
LF:8
LH:8
end_of_record
SF:lib/presentation/bloc/movie_watchlist_insert/movie_watchlist_insert_state.dart
DA:4,1
DA:5,1
DA:13,1
DA:16,1
DA:17,2
DA:21,2
DA:24,1
DA:25,2
LF:8
LH:8
end_of_record
SF:lib/presentation/bloc/movie_watchlist_insert/movie_watchlist_insert_bloc.dart
DA:11,1
DA:13,2
DA:14,2
DA:15,2
DA:17,3
DA:19,1
DA:20,4
DA:21,3
LF:8
LH:8
end_of_record
SF:lib/presentation/bloc/movie_watchlist_insert/movie_watchlist_insert_event.dart
DA:6,2
LF:1
LH:1
end_of_record
SF:lib/presentation/bloc/movie_watchlist_load/movie_watchlist_load_state.dart
DA:4,1
DA:5,1
DA:13,1
DA:16,1
DA:17,2
DA:21,1
LF:6
LH:6
end_of_record
SF:lib/presentation/bloc/movie_watchlist_load/movie_watchlist_load_bloc.dart
DA:11,1
DA:13,2
DA:14,2
DA:15,2
DA:17,2
DA:19,1
DA:20,4
DA:21,3
LF:8
LH:8
end_of_record
SF:lib/presentation/bloc/movie_watchlist_remove/movie_watchlist_remove_state.dart
DA:4,1
DA:5,1
DA:13,2
DA:17,1
DA:18,2
DA:22,2
DA:26,1
DA:27,2
LF:8
LH:8
end_of_record
SF:lib/presentation/bloc/movie_watchlist_remove/movie_watchlist_remove_event.dart
DA:6,2
LF:1
LH:1
end_of_record
SF:lib/presentation/bloc/movie_watchlist_remove/movie_watchlist_remove_bloc.dart
DA:11,1
DA:13,2
DA:14,2
DA:15,2
DA:17,3
DA:19,1
DA:20,4
DA:21,3
LF:8
LH:8
end_of_record
SF:lib/presentation/bloc/movie_watchlist_status/movie_watchlist_status_event.dart
DA:6,2
LF:1
LH:1
end_of_record
SF:lib/presentation/bloc/movie_watchlist_status/movie_watchlist_status_bloc.dart
DA:7,1
DA:9,1
DA:10,1
DA:11,1
DA:12,3
DA:14,1
LF:6
LH:6
end_of_record
SF:lib/presentation/bloc/movies_now_playing/movies_now_playing_state.dart
DA:4,1
DA:5,1
DA:13,2
DA:17,1
DA:18,2
DA:22,2
DA:25,1
DA:26,2
LF:8
LH:8
end_of_record
SF:lib/presentation/bloc/movies_now_playing/movies_now_playing_bloc.dart
DA:11,1
DA:13,2
DA:14,1
DA:15,1
DA:16,2
DA:18,2
DA:20,1
DA:21,4
DA:22,3
LF:9
LH:9
end_of_record
SF:lib/presentation/bloc/movies_popular/movies_popular_state.dart
DA:4,1
DA:5,1
DA:13,3
DA:16,1
DA:17,2
DA:21,3
DA:25,1
DA:26,2
LF:8
LH:8
end_of_record
SF:lib/presentation/bloc/movies_popular/movies_popular_bloc.dart
DA:10,1
DA:12,2
DA:13,2
DA:14,2
DA:16,2
DA:18,1
DA:19,4
DA:20,3
LF:8
LH:8
end_of_record
SF:lib/presentation/bloc/movies_search/movies_search_event.dart
DA:6,1
LF:1
LH:1
end_of_record
SF:lib/presentation/bloc/movies_search/movies_search_state.dart
DA:4,1
DA:5,1
DA:13,2
DA:17,1
DA:18,2
DA:22,1
DA:26,1
DA:27,2
LF:8
LH:8
end_of_record
SF:lib/presentation/bloc/movies_search/movies_search_bloc.dart
DA:10,1
DA:12,2
DA:13,2
DA:14,2
DA:16,3
DA:18,1
DA:19,4
DA:20,3
LF:8
LH:8
end_of_record
SF:lib/presentation/bloc/movies_top_rated/movies_top_rated_bloc.dart
DA:11,1
DA:13,2
DA:14,2
DA:15,2
DA:17,2
DA:19,1
DA:20,4
DA:21,3
LF:8
LH:8
end_of_record
SF:lib/presentation/bloc/movies_top_rated/movies_top_rated_state.dart
DA:4,1
DA:5,1
DA:13,3
DA:17,1
DA:18,2
DA:22,3
DA:26,1
DA:27,2
LF:8
LH:8
end_of_record
SF:lib/presentation/pages/top_rated_movies_page.dart
DA:8,1
DA:10,1
DA:11,1
DA:15,1
DA:17,1
DA:18,1
DA:19,3
DA:20,2
DA:24,1
DA:26,1
DA:27,1
DA:30,1
DA:32,1
DA:33,1
DA:34,1
DA:38,1
DA:39,1
DA:40,1
DA:41,1
DA:42,1
DA:43,1
DA:45,1
DA:47,1
DA:48,1
DA:50,2
LF:25
LH:25
end_of_record
SF:lib/presentation/widgets/movie_card_list.dart
DA:9,4
DA:12,4
DA:14,4
DA:16,4
DA:17,0
DA:18,0
DA:21,0
DA:24,4
DA:26,4
DA:27,4
DA:28,4
DA:34,4
DA:36,4
DA:37,4
DA:38,8
DA:41,4
DA:44,4
DA:45,8
DA:53,4
DA:58,4
DA:60,8
DA:61,4
DA:63,12
DA:65,4
DA:69,1
DA:71,1
DA:74,3
LF:27
LH:24
end_of_record
SF:lib/presentation/pages/search_movie_page.dart
DA:9,1
DA:11,1
DA:13,1
DA:14,1
DA:17,1
DA:19,1
DA:21,1
DA:22,1
DA:23,0
DA:24,0
DA:25,0
DA:35,1
DA:37,1
DA:39,1
DA:40,1
DA:41,1
DA:47,1
DA:48,1
DA:49,1
DA:50,1
DA:51,1
DA:53,1
DA:54,1
DA:55,1
DA:57,1
DA:65,1
DA:66,1
LF:27
LH:24
end_of_record
SF:lib/presentation/pages/home_movie_page.dart
DA:14,1
DA:16,1
DA:17,1
DA:21,1
DA:23,1
DA:24,1
DA:25,1
DA:26,3
DA:27,1
DA:29,3
DA:30,1
DA:32,3
DA:33,1
DA:39,1
DA:41,1
DA:43,1
DA:45,1
DA:46,1
DA:47,0
DA:48,0
DA:57,1
DA:58,1
DA:60,1
DA:61,1
DA:63,1
DA:65,1
DA:68,1
DA:69,1
DA:70,1
DA:74,1
DA:75,1
DA:76,1
DA:77,2
DA:78,4
DA:81,1
DA:82,2
DA:88,1
DA:91,0
DA:96,1
DA:97,1
DA:98,1
DA:102,1
DA:103,1
DA:104,1
DA:105,2
DA:106,4
DA:109,1
DA:110,2
DA:116,1
DA:119,0
DA:124,1
DA:125,1
DA:126,1
DA:130,1
DA:131,1
DA:132,1
DA:133,2
DA:134,4
DA:137,1
DA:138,2
LF:60
LH:56
end_of_record
SF:lib/presentation/pages/movie_detail_page.dart
DA:18,1
DA:22,1
DA:23,1
DA:27,1
DA:29,1
DA:30,2
DA:31,3
DA:32,3
DA:34,3
DA:35,3
DA:40,1
DA:42,1
DA:43,1
DA:44,1
DA:45,1
DA:49,1
DA:50,2
DA:51,3
DA:53,2
DA:54,3
DA:56,1
DA:57,1
DA:58,1
DA:63,1
DA:64,1
DA:65,1
DA:78,1
DA:84,1
DA:86,3
DA:87,1
DA:88,1
DA:89,2
DA:90,1
DA:91,3
DA:93,1
DA:98,1
DA:102,1
DA:104,1
DA:105,3
DA:108,1
DA:110,1
DA:111,1
DA:112,1
DA:124,1
DA:125,1
DA:126,1
DA:128,1
DA:130,1
DA:132,1
DA:133,1
DA:134,2
DA:135,1
DA:137,1
DA:138,1
DA:139,1
DA:141,1
DA:145,1
DA:146,3
DA:148,1
DA:149,3
DA:151,1
DA:152,1
DA:153,1
DA:154,3
DA:155,1
DA:161,4
DA:165,1
DA:167,1
DA:169,1
DA:170,2
DA:173,1
DA:175,1
DA:177,1
DA:179,1
DA:180,1
DA:181,1
DA:182,1
DA:186,1
DA:187,1
DA:188,1
DA:201,1
DA:203,1
DA:216,1
DA:218,1
DA:221,1
DA:223,0
DA:224,0
DA:233,1
DA:234,1
DA:236,2
DA:237,2
DA:239,1
DA:241,1
DA:245,3
DA:248,1
DA:249,1
DA:250,1
DA:252,1
DA:253,1
DA:255,1
DA:261,1
DA:268,1
DA:270,1
DA:272,1
DA:274,1
DA:275,2
DA:276,1
DA:279,1
DA:280,0
DA:281,0
DA:284,0
DA:287,1
DA:291,1
DA:292,1
DA:294,2
DA:295,1
DA:298,0
DA:306,2
DA:313,1
DA:322,1
DA:324,1
DA:325,1
DA:326,1
DA:327,0
DA:328,0
DA:329,0
DA:330,0
DA:331,0
DA:333,0
DA:334,0
DA:337,0
DA:338,0
DA:340,0
DA:341,0
DA:342,0
DA:349,1
DA:350,0
DA:351,0
DA:352,0
DA:353,0
DA:354,0
DA:356,0
DA:357,0
DA:360,0
DA:361,0
DA:363,0
DA:364,0
DA:365,0
DA:373,1
DA:374,1
DA:375,1
DA:376,1
DA:379,3
DA:381,1
DA:384,3
DA:387,1
DA:389,1
DA:390,1
DA:391,1
DA:393,1
DA:394,1
LF:161
LH:131
end_of_record
SF:lib/presentation/pages/popular_movies_page.dart
DA:8,1
DA:10,1
DA:11,1
DA:15,1
DA:17,1
DA:18,1
DA:19,4
DA:20,1
DA:25,1
DA:27,1
DA:28,1
DA:31,1
DA:33,1
DA:34,1
DA:35,1
DA:39,1
DA:40,1
DA:41,1
DA:42,1
DA:43,1
DA:44,1
DA:46,1
DA:48,1
DA:49,1
DA:51,2
LF:25
LH:25
end_of_record
