SF:./features/tv_series/lib/data/datasources/tv_series_remote_data_source.dart
DA:19,1
DA:25,1
DA:28,4
DA:30,2
DA:31,1
DA:32,2
DA:33,1
DA:35,1
DA:39,1
DA:41,4
DA:43,2
DA:44,1
DA:45,2
DA:46,1
DA:48,1
DA:52,1
DA:55,4
DA:57,2
DA:58,1
DA:59,2
DA:60,1
DA:62,1
DA:66,1
DA:68,2
DA:69,2
DA:72,2
DA:73,1
DA:74,2
DA:77,1
DA:81,1
DA:84,4
DA:86,2
DA:87,1
DA:88,2
DA:89,1
DA:91,1
DA:95,1
DA:98,4
DA:100,2
DA:101,1
DA:102,2
DA:103,1
DA:105,1
LF:43
LH:43
end_of_record
SF:./features/tv_series/lib/data/models/tv_series_detail_response.dart
DA:7,27
DA:25,2
DA:26,2
DA:27,2
DA:28,2
DA:29,2
DA:30,2
DA:31,1
DA:32,3
DA:33,1
DA:35,2
DA:36,2
DA:37,2
DA:38,2
DA:39,2
DA:40,2
DA:41,2
DA:42,2
DA:43,2
DA:44,2
DA:45,2
DA:46,1
DA:47,3
DA:48,1
DA:67,2
DA:68,2
DA:69,2
DA:70,2
DA:71,2
DA:72,2
DA:73,10
DA:74,2
DA:75,2
DA:76,2
DA:77,2
DA:78,2
DA:79,2
DA:80,2
DA:81,2
DA:82,2
DA:83,10
DA:87,1
DA:88,1
DA:89,1
DA:90,1
DA:91,1
DA:92,1
DA:93,1
DA:94,1
DA:95,1
DA:96,1
DA:97,1
DA:98,1
DA:99,1
DA:100,1
DA:101,1
DA:102,1
LF:57
LH:57
end_of_record
SF:./features/tv_series/lib/data/models/tv_series_response.dart
DA:5,3
DA:7,2
DA:8,2
DA:9,2
DA:10,6
DA:11,8
DA:12,2
DA:16,2
DA:17,5
DA:20,1
DA:21,2
LF:11
LH:11
end_of_record
SF:./features/tv_series/lib/data/datasources/db/tv_series_db_helper.dart
DA:7,2
DA:8,1
DA:15,1
DA:16,1
DA:21,1
DA:22,1
DA:23,1
DA:25,2
DA:29,1
DA:30,1
DA:37,1
DA:40,1
DA:41,1
DA:42,2
DA:45,1
DA:46,1
DA:47,1
DA:50,2
DA:54,1
DA:55,1
DA:56,1
DA:59,1
DA:62,1
DA:63,1
DA:69,1
DA:70,1
DA:72,1
LF:27
LH:27
end_of_record
SF:./features/tv_series/lib/data/datasources/tv_series_local_data_source.dart
DA:13,1
DA:16,1
DA:19,2
DA:21,1
DA:26,2
DA:30,1
DA:33,2
DA:34,2
DA:36,2
DA:40,1
DA:43,2
DA:46,2
DA:50,1
DA:53,2
DA:56,2
LF:15
LH:15
end_of_record
SF:./features/tv_series/lib/data/models/tv_series_model.dart
DA:5,5
DA:21,4
DA:22,2
DA:23,2
DA:24,2
DA:25,2
DA:26,6
DA:29,2
DA:30,2
DA:31,2
DA:32,2
DA:33,6
DA:36,2
DA:37,2
DA:38,2
DA:39,2
DA:40,2
DA:41,2
DA:42,4
DA:43,2
DA:44,2
DA:46,2
DA:62,2
DA:63,2
DA:64,2
DA:65,2
DA:66,2
DA:67,2
DA:68,2
DA:69,2
DA:70,2
DA:71,2
DA:72,2
DA:73,2
DA:74,2
DA:75,2
DA:76,2
DA:80,2
DA:81,1
DA:82,1
DA:83,1
DA:84,4
DA:86,1
DA:87,1
DA:88,1
DA:89,4
DA:91,1
DA:92,1
DA:93,1
DA:94,1
DA:95,1
DA:96,1
DA:97,1
DA:100,2
DA:101,2
DA:102,2
DA:103,2
DA:104,2
DA:105,2
DA:106,2
DA:107,2
DA:108,2
DA:109,2
DA:110,2
DA:111,2
DA:112,2
DA:113,2
DA:114,2
LF:68
LH:68
end_of_record
SF:./features/tv_series/lib/data/models/tv_series_table.dart
DA:6,27
DA:13,2
DA:14,1
DA:15,1
DA:16,1
DA:17,1
DA:20,2
DA:21,1
DA:22,1
DA:23,1
DA:24,1
DA:31,4
DA:32,2
DA:33,2
DA:34,2
DA:35,2
DA:38,2
DA:39,1
DA:40,1
DA:41,1
DA:42,1
DA:45,2
DA:46,2
DA:47,2
DA:48,2
DA:49,2
DA:50,2
LF:27
LH:27
end_of_record
SF:./features/tv_series/lib/domain/entities/tv_series.dart
DA:4,30
DA:20,26
DA:49,8
DA:50,8
DA:51,8
DA:52,8
DA:53,8
DA:54,8
DA:55,8
DA:56,8
DA:57,8
DA:58,8
DA:59,8
DA:60,8
DA:61,8
DA:62,8
DA:63,8
LF:17
LH:17
end_of_record
SF:./features/tv_series/lib/domain/entities/tv_series_detail.dart
DA:6,28
DA:39,3
DA:40,3
DA:41,3
DA:42,3
DA:43,3
DA:44,3
DA:45,3
DA:46,3
DA:47,3
DA:48,3
DA:49,3
DA:50,3
DA:51,3
DA:52,3
DA:53,3
DA:54,3
DA:55,3
LF:18
LH:18
end_of_record
SF:./features/tv_series/lib/data/models/season_model.dart
DA:5,26
DA:14,2
DA:15,1
DA:16,1
DA:17,1
DA:18,1
DA:19,1
DA:20,1
DA:30,3
DA:31,3
DA:32,3
DA:33,3
DA:34,3
DA:35,3
DA:36,3
DA:37,3
DA:41,1
DA:42,1
DA:43,1
DA:44,1
DA:45,1
DA:46,1
DA:47,1
DA:48,1
LF:24
LH:24
end_of_record
SF:./features/tv_series/lib/domain/entities/season.dart
DA:4,29
DA:20,4
DA:21,4
DA:22,4
DA:23,4
DA:24,4
DA:25,4
DA:26,4
DA:27,4
LF:9
LH:9
end_of_record
SF:./features/tv_series/lib/data/repositories/tv_series_repository_impl.dart
DA:14,1
DA:21,1
DA:24,2
DA:25,5
DA:26,1
DA:28,1
DA:33,1
DA:36,2
DA:37,5
DA:38,1
DA:40,1
DA:45,1
DA:48,2
DA:49,5
DA:50,1
DA:52,1
DA:57,1
DA:60,2
DA:61,2
DA:62,1
DA:64,1
DA:69,1
DA:74,2
DA:75,5
DA:76,1
DA:78,1
DA:83,1
DA:86,2
DA:87,5
DA:88,1
DA:90,1
DA:95,1
DA:98,2
DA:99,5
DA:100,1
DA:101,3
DA:107,1
DA:109,2
DA:113,1
DA:118,1
DA:119,2
DA:120,1
DA:121,1
DA:122,3
DA:126,1
DA:129,1
DA:130,2
DA:131,1
DA:132,1
DA:133,3
LF:50
LH:50
end_of_record
SF:./features/tv_series/lib/domain/usecases/get_watchlist_status_tv.dart
DA:4,1
DA:7,1
DA:8,2
LF:3
LH:3
end_of_record
SF:./features/tv_series/lib/domain/usecases/get_watchlist_tv.dart
DA:7,1
DA:10,1
DA:11,2
LF:3
LH:3
end_of_record
SF:./features/tv_series/lib/domain/usecases/get_tv_airing_today.dart
DA:7,1
DA:10,1
DA:11,2
LF:3
LH:3
end_of_record
SF:./features/tv_series/lib/domain/usecases/get_tv_top_rated.dart
DA:7,1
DA:10,1
DA:11,2
LF:3
LH:3
end_of_record
SF:./features/tv_series/lib/domain/usecases/get_tv_recommendations.dart
DA:7,1
DA:10,1
DA:11,2
LF:3
LH:3
end_of_record
SF:./features/tv_series/lib/domain/usecases/remove_watchlist_tv.dart
DA:7,1
DA:10,1
DA:11,2
LF:3
LH:3
end_of_record
SF:./features/tv_series/lib/domain/usecases/get_tv_search.dart
DA:7,1
DA:10,1
DA:11,2
LF:3
LH:3
end_of_record
SF:./features/tv_series/lib/domain/usecases/save_watchlist_tv.dart
DA:7,1
DA:10,1
DA:11,2
LF:3
LH:3
end_of_record
SF:./features/tv_series/lib/domain/usecases/get_tv_popular.dart
DA:7,1
DA:10,1
DA:11,2
LF:3
LH:3
end_of_record
SF:./features/tv_series/lib/domain/usecases/get_tv_detail.dart
DA:7,1
DA:10,1
DA:11,2
LF:3
LH:3
end_of_record
SF:./features/tv_series/lib/presentation/bloc/tv_series_detail/tv_series_detail_event.dart
DA:6,2
LF:1
LH:1
end_of_record
SF:./features/tv_series/lib/presentation/bloc/tv_series_detail/tv_series_detail_state.dart
DA:4,1
DA:5,1
DA:13,2
DA:16,1
DA:17,2
DA:21,2
DA:24,1
DA:25,2
LF:8
LH:8
end_of_record
SF:./features/tv_series/lib/presentation/bloc/tv_series_detail/tv_series_detail_bloc.dart
DA:11,1
DA:13,2
DA:14,2
DA:15,2
DA:17,3
DA:19,1
DA:20,4
DA:21,3
LF:8
LH:8
end_of_record
SF:./features/tv_series/lib/presentation/bloc/tv_series_airing_today/tv_series_airing_today_state.dart
DA:4,1
DA:5,1
DA:13,3
DA:17,1
DA:18,2
DA:22,3
DA:26,1
DA:27,2
LF:8
LH:8
end_of_record
SF:./features/tv_series/lib/presentation/bloc/tv_series_airing_today/tv_series_airing_today_bloc.dart
DA:11,1
DA:13,2
DA:14,2
DA:15,2
DA:17,2
DA:19,1
DA:20,4
DA:21,3
LF:8
LH:8
end_of_record
SF:./features/tv_series/lib/presentation/bloc/tv_series_popular/tv_series_popular_state.dart
DA:4,1
DA:5,1
DA:13,3
DA:19,3
DA:22,1
DA:23,2
LF:6
LH:6
end_of_record
SF:./features/tv_series/lib/presentation/bloc/tv_series_popular/tv_series_popular_bloc.dart
DA:11,1
DA:13,2
DA:14,2
DA:15,2
DA:17,2
DA:19,1
DA:20,4
DA:21,3
LF:8
LH:8
end_of_record
SF:./features/tv_series/lib/presentation/bloc/tv_series_recommendation/tv_series_recommendations_state.dart
DA:4,1
DA:5,1
DA:13,2
DA:19,2
DA:23,1
DA:24,2
LF:6
LH:6
end_of_record
SF:./features/tv_series/lib/presentation/bloc/tv_series_recommendation/tv_series_recommendations_event.dart
DA:6,2
LF:1
LH:1
end_of_record
SF:./features/tv_series/lib/presentation/bloc/tv_series_recommendation/tv_series_recommendations_bloc.dart
DA:11,1
DA:13,2
DA:14,2
DA:15,2
DA:17,3
DA:19,1
DA:20,4
DA:21,3
LF:8
LH:8
end_of_record
SF:./features/tv_series/lib/presentation/bloc/tv_series_search/tv_series_search_event.dart
DA:6,1
LF:1
LH:1
end_of_record
SF:./features/tv_series/lib/presentation/bloc/tv_series_search/tv_series_search_state.dart
DA:4,1
DA:5,1
DA:13,2
DA:17,1
DA:18,2
DA:22,2
DA:26,1
DA:27,2
LF:8
LH:8
end_of_record
SF:./features/tv_series/lib/presentation/bloc/tv_series_search/tv_series_search_bloc.dart
DA:11,1
DA:13,2
DA:14,2
DA:15,2
DA:17,3
DA:19,1
DA:20,4
DA:21,3
LF:8
LH:8
end_of_record
SF:./features/tv_series/lib/presentation/bloc/tv_series_top_rated/tv_series_top_rated_state.dart
DA:4,1
DA:5,1
DA:13,3
DA:19,3
DA:22,1
DA:23,2
LF:6
LH:6
end_of_record
SF:./features/tv_series/lib/presentation/bloc/tv_series_top_rated/tv_series_top_rated_bloc.dart
DA:11,1
DA:13,2
DA:14,2
DA:15,2
DA:17,2
DA:19,1
DA:20,4
DA:21,3
LF:8
LH:8
end_of_record
SF:./features/tv_series/lib/presentation/bloc/tv_series_watchlist_insert/tv_series_watchlist_insert_state.dart
DA:4,1
DA:5,1
DA:13,1
DA:16,1
DA:17,2
DA:21,2
DA:25,1
DA:26,2
LF:8
LH:8
end_of_record
SF:./features/tv_series/lib/presentation/bloc/tv_series_watchlist_insert/tv_series_watchlist_insert_event.dart
DA:6,2
LF:1
LH:1
end_of_record
SF:./features/tv_series/lib/presentation/bloc/tv_series_watchlist_insert/tv_series_watchlist_insert_bloc.dart
DA:11,1
DA:13,2
DA:14,2
DA:15,2
DA:17,3
DA:19,1
DA:20,4
DA:21,3
LF:8
LH:8
end_of_record
SF:./features/tv_series/lib/presentation/bloc/tv_series_watchlist_load/tv_series_watchlist_load_state.dart
DA:4,1
DA:5,1
DA:13,1
DA:16,1
DA:17,2
DA:21,1
DA:25,1
DA:26,2
LF:8
LH:8
end_of_record
SF:./features/tv_series/lib/presentation/bloc/tv_series_watchlist_load/tv_series_watchlist_load_bloc.dart
DA:11,1
DA:13,2
DA:14,2
DA:15,2
DA:17,2
DA:19,1
DA:20,4
DA:21,3
LF:8
LH:8
end_of_record
SF:./features/tv_series/lib/presentation/bloc/tv_series_watchlist_remove/tv_series_watchlist_remove_state.dart
DA:4,1
DA:5,1
DA:13,2
DA:16,1
DA:17,2
DA:21,2
DA:25,1
DA:26,2
LF:8
LH:8
end_of_record
SF:./features/tv_series/lib/presentation/bloc/tv_series_watchlist_remove/tv_series_watchlist_remove_bloc.dart
DA:11,1
DA:13,2
DA:14,2
DA:15,2
DA:17,3
DA:19,1
DA:20,4
DA:21,3
LF:8
LH:8
end_of_record
SF:./features/tv_series/lib/presentation/bloc/tv_series_watchlist_remove/tv_series_watchlist_remove_event.dart
DA:6,2
LF:1
LH:1
end_of_record
SF:./features/tv_series/lib/presentation/bloc/tv_series_watchlist_status/tv_series_watchlist_status_bloc.dart
DA:8,1
DA:10,1
DA:11,2
DA:12,1
DA:14,3
DA:16,1
LF:6
LH:6
end_of_record
SF:./features/tv_series/lib/presentation/bloc/tv_series_watchlist_status/tv_series_watchlist_status_event.dart
DA:6,2
LF:1
LH:1
end_of_record
SF:./features/tv_series/lib/presentation/widgets/tv_series_card.dart
DA:9,5
DA:13,5
DA:15,5
DA:17,5
DA:18,0
DA:19,0
DA:22,0
DA:25,5
DA:27,5
DA:28,5
DA:29,5
DA:35,5
DA:37,5
DA:38,5
DA:39,10
DA:42,5
DA:45,5
DA:46,10
DA:54,5
DA:59,5
DA:61,10
DA:62,5
DA:64,15
DA:66,5
DA:70,1
DA:72,1
DA:75,3
LF:27
LH:24
end_of_record
SF:./features/tv_series/lib/presentation/pages/tv_series_airing_today_page.dart
DA:8,1
DA:10,1
DA:12,1
DA:16,1
DA:18,1
DA:19,1
DA:20,4
DA:21,1
DA:26,1
DA:28,1
DA:29,1
DA:32,1
DA:34,1
DA:35,1
DA:36,1
DA:40,1
DA:41,1
DA:43,1
DA:44,1
DA:45,1
DA:46,1
DA:48,1
DA:50,1
DA:51,1
DA:53,2
LF:25
LH:25
end_of_record
SF:./features/tv_series/lib/presentation/pages/tv_series_detail_page.dart
DA:19,1
DA:23,1
DA:24,1
DA:28,1
DA:30,1
DA:31,2
DA:32,2
DA:33,4
DA:34,2
DA:35,4
DA:39,1
DA:41,1
DA:42,1
DA:43,1
DA:44,1
DA:48,1
DA:49,1
DA:52,4
DA:53,1
DA:54,1
DA:55,1
DA:59,1
DA:60,1
DA:61,1
DA:73,1
DA:79,1
DA:81,3
DA:82,1
DA:83,1
DA:84,1
DA:85,3
DA:87,1
DA:92,1
DA:94,1
DA:95,1
DA:96,1
DA:108,1
DA:109,1
DA:110,1
DA:112,1
DA:114,1
DA:116,1
DA:117,1
DA:118,2
DA:119,1
DA:121,1
DA:123,1
DA:124,1
DA:125,1
DA:128,1
DA:129,1
DA:130,3
DA:132,1
DA:133,3
DA:138,1
DA:139,1
DA:143,2
DA:144,1
DA:145,3
DA:147,2
DA:148,1
DA:149,1
DA:150,1
DA:151,3
DA:152,1
DA:158,4
DA:161,1
DA:162,1
DA:164,1
DA:166,1
DA:167,2
DA:169,2
DA:170,1
DA:172,1
DA:174,1
DA:176,1
DA:178,1
DA:179,2
DA:183,1
DA:184,1
DA:186,1
DA:188,1
DA:190,1
DA:191,1
DA:196,1
DA:197,1
DA:198,1
DA:202,1
DA:203,1
DA:204,1
DA:208,1
DA:217,1
DA:219,1
DA:232,1
DA:234,1
DA:237,1
DA:239,0
DA:240,0
DA:249,1
DA:250,1
DA:252,2
DA:253,2
DA:255,1
DA:257,1
DA:261,3
DA:266,1
DA:270,1
DA:272,1
DA:274,1
DA:276,1
DA:277,2
DA:278,1
DA:280,1
DA:282,1
DA:283,1
DA:285,1
DA:289,1
DA:290,1
DA:292,2
DA:293,1
DA:296,0
DA:303,1
DA:304,1
DA:305,1
DA:307,1
DA:308,2
DA:309,1
DA:315,2
DA:322,1
DA:329,1
DA:331,1
DA:333,1
DA:335,1
DA:336,2
DA:337,1
DA:339,1
DA:340,0
DA:341,0
DA:344,0
DA:347,1
DA:351,1
DA:352,1
DA:354,2
DA:355,1
DA:358,0
DA:366,2
DA:373,1
DA:380,1
DA:382,1
DA:383,1
DA:384,1
DA:385,0
DA:386,0
DA:387,0
DA:388,0
DA:389,0
DA:391,0
DA:394,0
DA:395,0
DA:397,0
DA:398,0
DA:400,0
DA:401,0
DA:402,0
DA:409,1
DA:410,0
DA:411,0
DA:412,0
DA:413,0
DA:414,0
DA:416,0
DA:419,0
DA:420,0
DA:422,0
DA:423,0
DA:425,0
DA:426,0
DA:427,0
DA:435,1
DA:436,1
DA:437,1
DA:438,1
DA:440,1
DA:443,3
DA:445,1
DA:448,3
DA:451,1
DA:453,1
DA:454,2
DA:455,1
LF:190
LH:157
end_of_record
SF:./features/tv_series/lib/presentation/pages/tv_series_list_page.dart
DA:13,1
DA:15,1
DA:16,1
DA:20,1
DA:21,2
DA:22,2
DA:23,2
DA:24,2
DA:25,2
DA:26,2
DA:27,2
DA:31,1
DA:33,1
DA:34,1
DA:37,1
DA:39,1
DA:40,1
DA:42,1
DA:43,1
DA:44,0
DA:45,0
DA:55,1
DA:56,0
DA:57,0
DA:59,1
DA:60,1
DA:61,1
DA:63,0
DA:68,1
DA:69,1
DA:70,1
DA:74,1
DA:75,1
DA:76,1
DA:77,2
DA:78,4
DA:81,1
DA:82,2
DA:87,1
DA:89,0
DA:94,1
DA:95,1
DA:96,1
DA:100,1
DA:101,1
DA:102,1
DA:103,2
DA:104,4
DA:107,1
DA:108,2
DA:114,1
DA:116,0
DA:121,1
DA:122,1
DA:123,1
DA:127,1
DA:128,1
DA:129,1
DA:130,2
DA:131,4
DA:134,1
DA:135,2
LF:62
LH:55
end_of_record
SF:./features/tv_series/lib/presentation/pages/tv_series_popular_list_page.dart
DA:8,1
DA:10,1
DA:12,1
DA:16,1
DA:18,1
DA:19,1
DA:20,4
DA:21,1
DA:26,1
DA:28,1
DA:29,1
DA:32,1
DA:34,1
DA:35,1
DA:36,1
DA:40,1
DA:41,1
DA:42,1
DA:43,1
DA:44,1
DA:45,1
DA:47,1
DA:49,1
DA:50,1
DA:52,2
LF:25
LH:25
end_of_record
SF:./features/tv_series/lib/presentation/pages/tv_series_search_page.dart
DA:9,1
DA:11,1
DA:13,1
DA:14,1
DA:17,1
DA:19,1
DA:21,1
DA:22,1
DA:23,0
DA:24,0
DA:25,0
DA:36,1
DA:38,1
DA:40,1
DA:41,1
DA:42,1
DA:48,1
DA:49,1
DA:50,1
DA:57,1
DA:58,1
DA:60,1
DA:61,1
DA:62,1
DA:64,1
DA:67,1
DA:68,1
DA:69,1
DA:70,2
DA:74,1
DA:75,1
LF:31
LH:28
end_of_record
SF:./features/tv_series/lib/presentation/pages/tv_series_top_rated_list_page.dart
DA:8,1
DA:10,1
DA:12,1
DA:16,1
DA:18,1
DA:19,1
DA:20,4
DA:21,1
DA:26,1
DA:28,1
DA:29,1
DA:32,1
DA:34,1
DA:35,1
DA:36,1
DA:40,1
DA:41,1
DA:43,1
DA:44,1
DA:45,1
DA:46,1
DA:48,1
DA:50,1
DA:51,1
DA:53,2
LF:25
LH:25
end_of_record
SF:./features/movies/lib/data/datasources/movie_local_data_source.dart
DA:13,1
DA:16,1
DA:19,2
DA:22,2
DA:26,1
DA:29,2
DA:32,2
DA:36,1
DA:38,2
DA:40,1
DA:46,1
DA:48,2
DA:49,2
LF:13
LH:13
end_of_record
SF:./features/movies/lib/data/models/movie_table.dart
DA:6,24
DA:13,2
DA:14,1
DA:15,1
DA:16,1
DA:17,1
DA:20,2
DA:21,1
DA:22,1
DA:23,1
DA:24,1
DA:31,4
DA:32,2
DA:33,2
DA:34,2
DA:35,2
DA:38,2
DA:39,1
DA:40,1
DA:41,1
DA:42,1
DA:45,2
DA:46,10
LF:23
LH:23
end_of_record
SF:./features/movies/lib/domain/entities/movie.dart
DA:4,27
DA:20,23
DA:50,7
DA:51,7
DA:52,7
DA:53,7
DA:54,7
DA:55,7
DA:56,7
DA:57,7
DA:58,7
DA:59,7
DA:60,7
DA:61,7
DA:62,7
DA:63,7
DA:64,7
LF:17
LH:17
end_of_record
SF:./features/movies/lib/domain/entities/movie_detail.dart
DA:5,24
DA:33,2
DA:34,2
DA:35,2
DA:36,2
DA:37,2
DA:38,2
DA:39,2
DA:40,2
DA:41,2
DA:42,2
DA:43,2
DA:44,2
DA:45,2
LF:14
LH:14
end_of_record
SF:./features/movies/lib/data/datasources/db/movies_db_helper.dart
DA:7,2
DA:8,1
DA:15,1
DA:16,1
DA:21,1
DA:22,1
DA:23,1
DA:25,2
DA:29,1
DA:30,1
DA:37,1
DA:40,1
DA:41,1
DA:42,2
DA:45,1
DA:46,1
DA:47,1
DA:50,2
DA:54,1
DA:55,1
DA:56,1
DA:59,1
DA:62,1
DA:63,1
DA:69,1
DA:70,1
DA:72,1
LF:27
LH:27
end_of_record
SF:./features/movies/lib/data/datasources/movie_remote_data_source.dart
DA:19,1
DA:25,1
DA:28,4
DA:30,2
DA:31,1
DA:32,2
DA:33,1
DA:35,1
DA:39,1
DA:41,4
DA:43,2
DA:44,1
DA:45,2
DA:48,1
DA:52,1
DA:54,1
DA:55,3
DA:57,2
DA:58,1
DA:59,2
DA:60,1
DA:62,1
DA:66,1
DA:69,4
DA:71,2
DA:72,1
DA:73,2
DA:74,1
DA:76,1
DA:80,1
DA:83,4
DA:85,2
DA:86,1
DA:87,2
DA:88,1
DA:90,1
DA:94,1
DA:96,1
DA:97,3
DA:99,2
DA:100,1
DA:101,2
DA:102,1
DA:104,1
LF:44
LH:44
end_of_record
SF:./features/movies/lib/data/models/movie_detail_model.dart
DA:6,2
DA:30,1
DA:31,1
DA:32,1
DA:33,1
DA:34,1
DA:35,1
DA:36,3
DA:37,1
DA:41,1
DA:42,1
DA:43,1
DA:44,1
DA:45,1
DA:46,1
DA:47,1
DA:48,1
DA:49,1
DA:50,1
DA:51,1
DA:52,1
DA:53,1
DA:54,1
DA:55,1
DA:56,1
DA:57,1
DA:82,1
DA:83,1
DA:84,1
DA:85,1
DA:86,5
DA:87,1
DA:88,1
DA:89,1
DA:90,1
DA:91,1
DA:92,1
DA:93,1
DA:94,1
DA:95,1
DA:99,1
DA:100,1
DA:101,1
DA:102,1
DA:103,1
DA:104,1
DA:105,1
DA:106,1
DA:107,1
DA:108,1
DA:109,1
DA:110,1
DA:111,1
DA:112,1
DA:113,1
DA:114,1
DA:115,1
DA:116,1
DA:117,1
DA:118,1
DA:119,1
DA:120,1
DA:121,1
LF:63
LH:63
end_of_record
SF:./features/movies/lib/data/models/movie_model.dart
DA:5,6
DA:21,6
DA:22,3
DA:23,3
DA:24,3
DA:25,8
DA:26,1
DA:27,3
DA:28,3
DA:29,3
DA:30,3
DA:31,3
DA:32,3
DA:33,3
DA:34,3
DA:35,6
DA:36,2
DA:37,6
DA:38,2
DA:39,2
DA:40,3
DA:57,2
DA:58,1
DA:59,1
DA:60,4
DA:61,1
DA:62,1
DA:63,1
DA:64,1
DA:65,1
DA:66,1
DA:67,1
DA:68,1
DA:69,1
DA:70,1
DA:73,2
DA:74,2
DA:75,2
DA:76,2
DA:77,2
DA:78,2
DA:79,2
DA:80,2
DA:81,2
DA:82,2
DA:83,2
DA:84,2
DA:85,2
DA:86,2
DA:87,2
DA:91,3
DA:92,3
DA:93,3
DA:94,3
DA:95,3
DA:96,3
DA:97,3
DA:98,3
DA:99,3
DA:100,3
DA:101,3
DA:102,3
DA:103,3
DA:104,3
DA:105,3
LF:65
LH:65
end_of_record
SF:./features/movies/lib/data/models/movie_response.dart
DA:5,3
DA:7,4
DA:8,2
DA:9,6
DA:10,2
DA:14,2
DA:15,5
DA:18,1
DA:19,2
LF:9
LH:9
end_of_record
SF:./features/movies/lib/data/repositories/movie_repository_impl.dart
DA:14,1
DA:21,1
DA:24,2
DA:25,5
DA:26,1
DA:28,1
DA:33,1
DA:36,2
DA:37,2
DA:38,1
DA:40,1
DA:45,1
DA:48,2
DA:49,3
DA:50,1
DA:52,1
DA:57,1
DA:60,2
DA:61,5
DA:62,1
DA:64,1
DA:69,1
DA:72,2
DA:73,5
DA:74,1
DA:76,1
DA:81,1
DA:84,2
DA:85,5
DA:86,1
DA:88,1
DA:93,1
DA:97,3
DA:98,1
DA:99,1
DA:100,3
DA:106,1
DA:110,3
DA:111,1
DA:112,1
DA:113,3
DA:117,1
DA:119,2
DA:123,1
DA:125,2
DA:126,5
LF:46
LH:46
end_of_record
SF:./features/movies/lib/domain/usecases/get_top_rated_movies.dart
DA:7,1
DA:10,1
DA:11,2
LF:3
LH:3
end_of_record
SF:./features/movies/lib/domain/usecases/get_movie_detail.dart
DA:7,1
DA:10,1
DA:11,2
LF:3
LH:3
end_of_record
SF:./features/movies/lib/domain/usecases/save_watchlist_movie.dart
DA:7,1
DA:10,1
DA:11,2
LF:3
LH:3
end_of_record
SF:./features/movies/lib/domain/usecases/get_movie_recommendations.dart
DA:7,1
DA:10,1
DA:11,2
LF:3
LH:3
end_of_record
SF:./features/movies/lib/domain/usecases/get_watchlist_movies.dart
DA:7,1
DA:10,1
DA:11,2
LF:3
LH:3
end_of_record
SF:./features/movies/lib/domain/usecases/get_now_playing_movies.dart
DA:7,1
DA:10,1
DA:11,2
LF:3
LH:3
end_of_record
SF:./features/movies/lib/domain/usecases/remove_watchlist_movie.dart
DA:7,1
DA:10,1
DA:11,2
LF:3
LH:3
end_of_record
SF:./features/movies/lib/domain/usecases/get_popular_movies.dart
DA:7,1
DA:10,1
DA:11,2
LF:3
LH:3
end_of_record
SF:./features/movies/lib/domain/usecases/search_movies.dart
DA:7,1
DA:10,1
DA:11,2
LF:3
LH:3
end_of_record
SF:./features/movies/lib/domain/usecases/get_watchlist_status_movie.dart
DA:4,1
DA:7,1
DA:8,2
LF:3
LH:3
end_of_record
SF:./features/movies/lib/presentation/bloc/movie_detail/movie_detail_state.dart
DA:4,1
DA:5,1
DA:13,2
DA:17,1
DA:18,2
DA:22,2
DA:26,1
DA:27,2
LF:8
LH:8
end_of_record
SF:./features/movies/lib/presentation/bloc/movie_detail/movie_detail_event.dart
DA:6,2
LF:1
LH:1
end_of_record
SF:./features/movies/lib/presentation/bloc/movie_detail/movie_detail_bloc.dart
DA:10,1
DA:12,2
DA:13,2
DA:14,2
DA:16,3
DA:18,1
DA:19,4
DA:20,3
LF:8
LH:8
end_of_record
SF:./features/movies/lib/presentation/bloc/movies_recommendations/movies_recommendation_state.dart
DA:4,1
DA:5,1
DA:13,2
DA:16,1
DA:17,2
DA:21,2
LF:6
LH:6
end_of_record
SF:./features/movies/lib/presentation/bloc/movies_recommendations/movies_recommendation_event.dart
DA:6,2
LF:1
LH:1
end_of_record
SF:./features/movies/lib/presentation/bloc/movies_recommendations/movies_recommendation_bloc.dart
DA:11,1
DA:13,2
DA:14,2
DA:15,2
DA:17,3
DA:19,1
DA:20,4
DA:21,3
LF:8
LH:8
end_of_record
SF:./features/movies/lib/presentation/bloc/movie_watchlist_insert/movie_watchlist_insert_state.dart
DA:4,1
DA:5,1
DA:13,1
DA:16,1
DA:17,2
DA:21,2
DA:24,1
DA:25,2
LF:8
LH:8
end_of_record
SF:./features/movies/lib/presentation/bloc/movie_watchlist_insert/movie_watchlist_insert_bloc.dart
DA:11,1
DA:13,2
DA:14,2
DA:15,2
DA:17,3
DA:19,1
DA:20,4
DA:21,3
LF:8
LH:8
end_of_record
SF:./features/movies/lib/presentation/bloc/movie_watchlist_insert/movie_watchlist_insert_event.dart
DA:6,2
LF:1
LH:1
end_of_record
SF:./features/movies/lib/presentation/bloc/movie_watchlist_load/movie_watchlist_load_state.dart
DA:4,1
DA:5,1
DA:13,1
DA:16,1
DA:17,2
DA:21,1
LF:6
LH:6
end_of_record
SF:./features/movies/lib/presentation/bloc/movie_watchlist_load/movie_watchlist_load_bloc.dart
DA:11,1
DA:13,2
DA:14,2
DA:15,2
DA:17,2
DA:19,1
DA:20,4
DA:21,3
LF:8
LH:8
end_of_record
SF:./features/movies/lib/presentation/bloc/movie_watchlist_remove/movie_watchlist_remove_state.dart
DA:4,1
DA:5,1
DA:13,2
DA:17,1
DA:18,2
DA:22,2
DA:26,1
DA:27,2
LF:8
LH:8
end_of_record
SF:./features/movies/lib/presentation/bloc/movie_watchlist_remove/movie_watchlist_remove_event.dart
DA:6,2
LF:1
LH:1
end_of_record
SF:./features/movies/lib/presentation/bloc/movie_watchlist_remove/movie_watchlist_remove_bloc.dart
DA:11,1
DA:13,2
DA:14,2
DA:15,2
DA:17,3
DA:19,1
DA:20,4
DA:21,3
LF:8
LH:8
end_of_record
SF:./features/movies/lib/presentation/bloc/movie_watchlist_status/movie_watchlist_status_event.dart
DA:6,2
LF:1
LH:1
end_of_record
SF:./features/movies/lib/presentation/bloc/movie_watchlist_status/movie_watchlist_status_bloc.dart
DA:7,1
DA:9,1
DA:10,1
DA:11,1
DA:12,3
DA:14,1
LF:6
LH:6
end_of_record
SF:./features/movies/lib/presentation/bloc/movies_now_playing/movies_now_playing_state.dart
DA:4,1
DA:5,1
DA:13,2
DA:17,1
DA:18,2
DA:22,2
DA:25,1
DA:26,2
LF:8
LH:8
end_of_record
SF:./features/movies/lib/presentation/bloc/movies_now_playing/movies_now_playing_bloc.dart
DA:11,1
DA:13,2
DA:14,1
DA:15,1
DA:16,2
DA:18,2
DA:20,1
DA:21,4
DA:22,3
LF:9
LH:9
end_of_record
SF:./features/movies/lib/presentation/bloc/movies_popular/movies_popular_state.dart
DA:4,1
DA:5,1
DA:13,3
DA:16,1
DA:17,2
DA:21,3
DA:25,1
DA:26,2
LF:8
LH:8
end_of_record
SF:./features/movies/lib/presentation/bloc/movies_popular/movies_popular_bloc.dart
DA:10,1
DA:12,2
DA:13,2
DA:14,2
DA:16,2
DA:18,1
DA:19,4
DA:20,3
LF:8
LH:8
end_of_record
SF:./features/movies/lib/presentation/bloc/movies_search/movies_search_event.dart
DA:6,1
LF:1
LH:1
end_of_record
SF:./features/movies/lib/presentation/bloc/movies_search/movies_search_state.dart
DA:4,1
DA:5,1
DA:13,2
DA:17,1
DA:18,2
DA:22,1
DA:26,1
DA:27,2
LF:8
LH:8
end_of_record
SF:./features/movies/lib/presentation/bloc/movies_search/movies_search_bloc.dart
DA:10,1
DA:12,2
DA:13,2
DA:14,2
DA:16,3
DA:18,1
DA:19,4
DA:20,3
LF:8
LH:8
end_of_record
SF:./features/movies/lib/presentation/bloc/movies_top_rated/movies_top_rated_bloc.dart
DA:11,1
DA:13,2
DA:14,2
DA:15,2
DA:17,2
DA:19,1
DA:20,4
DA:21,3
LF:8
LH:8
end_of_record
SF:./features/movies/lib/presentation/bloc/movies_top_rated/movies_top_rated_state.dart
DA:4,1
DA:5,1
DA:13,3
DA:17,1
DA:18,2
DA:22,3
DA:26,1
DA:27,2
LF:8
LH:8
end_of_record
SF:./features/movies/lib/presentation/pages/top_rated_movies_page.dart
DA:8,1
DA:10,1
DA:11,1
DA:15,1
DA:17,1
DA:18,1
DA:19,3
DA:20,2
DA:24,1
DA:26,1
DA:27,1
DA:30,1
DA:32,1
DA:33,1
DA:34,1
DA:38,1
DA:39,1
DA:40,1
DA:41,1
DA:42,1
DA:43,1
DA:45,1
DA:47,1
DA:48,1
DA:50,2
LF:25
LH:25
end_of_record
SF:./features/movies/lib/presentation/widgets/movie_card_list.dart
DA:9,4
DA:12,4
DA:14,4
DA:16,4
DA:17,0
DA:18,0
DA:21,0
DA:24,4
DA:26,4
DA:27,4
DA:28,4
DA:34,4
DA:36,4
DA:37,4
DA:38,8
DA:41,4
DA:44,4
DA:45,8
DA:53,4
DA:58,4
DA:60,8
DA:61,4
DA:63,12
DA:65,4
DA:69,1
DA:71,1
DA:74,3
LF:27
LH:24
end_of_record
SF:./features/movies/lib/presentation/pages/search_movie_page.dart
DA:9,1
DA:11,1
DA:13,1
DA:14,1
DA:17,1
DA:19,1
DA:21,1
DA:22,1
DA:23,0
DA:24,0
DA:25,0
DA:35,1
DA:37,1
DA:39,1
DA:40,1
DA:41,1
DA:47,1
DA:48,1
DA:49,1
DA:50,1
DA:51,1
DA:53,1
DA:54,1
DA:55,1
DA:57,1
DA:65,1
DA:66,1
LF:27
LH:24
end_of_record
SF:./features/movies/lib/presentation/pages/home_movie_page.dart
DA:14,1
DA:16,1
DA:17,1
DA:21,1
DA:23,1
DA:24,1
DA:25,1
DA:26,3
DA:27,1
DA:29,3
DA:30,1
DA:32,3
DA:33,1
DA:39,1
DA:41,1
DA:43,1
DA:45,1
DA:46,1
DA:47,0
DA:48,0
DA:57,1
DA:58,1
DA:60,1
DA:61,1
DA:63,1
DA:65,1
DA:68,1
DA:69,1
DA:70,1
DA:74,1
DA:75,1
DA:76,1
DA:77,2
DA:78,4
DA:81,1
DA:82,2
DA:88,1
DA:91,0
DA:96,1
DA:97,1
DA:98,1
DA:102,1
DA:103,1
DA:104,1
DA:105,2
DA:106,4
DA:109,1
DA:110,2
DA:116,1
DA:119,0
DA:124,1
DA:125,1
DA:126,1
DA:130,1
DA:131,1
DA:132,1
DA:133,2
DA:134,4
DA:137,1
DA:138,2
LF:60
LH:56
end_of_record
SF:./features/movies/lib/presentation/pages/movie_detail_page.dart
DA:18,1
DA:22,1
DA:23,1
DA:27,1
DA:29,1
DA:30,2
DA:31,3
DA:32,3
DA:34,3
DA:35,3
DA:40,1
DA:42,1
DA:43,1
DA:44,1
DA:45,1
DA:49,1
DA:50,2
DA:51,3
DA:53,2
DA:54,3
DA:56,1
DA:57,1
DA:58,1
DA:63,1
DA:64,1
DA:65,1
DA:78,1
DA:84,1
DA:86,3
DA:87,1
DA:88,1
DA:89,2
DA:90,1
DA:91,3
DA:93,1
DA:98,1
DA:102,1
DA:104,1
DA:105,3
DA:108,1
DA:110,1
DA:111,1
DA:112,1
DA:124,1
DA:125,1
DA:126,1
DA:128,1
DA:130,1
DA:132,1
DA:133,1
DA:134,2
DA:135,1
DA:137,1
DA:138,1
DA:139,1
DA:141,1
DA:145,1
DA:146,3
DA:148,1
DA:149,3
DA:151,1
DA:152,1
DA:153,1
DA:154,3
DA:155,1
DA:161,4
DA:165,1
DA:167,1
DA:169,1
DA:170,2
DA:173,1
DA:175,1
DA:177,1
DA:179,1
DA:180,1
DA:181,1
DA:182,1
DA:186,1
DA:187,1
DA:188,1
DA:201,1
DA:203,1
DA:216,1
DA:218,1
DA:221,1
DA:223,0
DA:224,0
DA:233,1
DA:234,1
DA:236,2
DA:237,2
DA:239,1
DA:241,1
DA:245,3
DA:248,1
DA:249,1
DA:250,1
DA:252,1
DA:253,1
DA:255,1
DA:261,1
DA:268,1
DA:270,1
DA:272,1
DA:274,1
DA:275,2
DA:276,1
DA:279,1
DA:280,0
DA:281,0
DA:284,0
DA:287,1
DA:291,1
DA:292,1
DA:294,2
DA:295,1
DA:298,0
DA:306,2
DA:313,1
DA:322,1
DA:324,1
DA:325,1
DA:326,1
DA:327,0
DA:328,0
DA:329,0
DA:330,0
DA:331,0
DA:333,0
DA:334,0
DA:337,0
DA:338,0
DA:340,0
DA:341,0
DA:342,0
DA:349,1
DA:350,0
DA:351,0
DA:352,0
DA:353,0
DA:354,0
DA:356,0
DA:357,0
DA:360,0
DA:361,0
DA:363,0
DA:364,0
DA:365,0
DA:373,1
DA:374,1
DA:375,1
DA:376,1
DA:379,3
DA:381,1
DA:384,3
DA:387,1
DA:389,1
DA:390,1
DA:391,1
DA:393,1
DA:394,1
LF:161
LH:131
end_of_record
SF:./features/movies/lib/presentation/pages/popular_movies_page.dart
DA:8,1
DA:10,1
DA:11,1
DA:15,1
DA:17,1
DA:18,1
DA:19,4
DA:20,1
DA:25,1
DA:27,1
DA:28,1
DA:31,1
DA:33,1
DA:34,1
DA:35,1
DA:39,1
DA:40,1
DA:41,1
DA:42,1
DA:43,1
DA:44,1
DA:46,1
DA:48,1
DA:49,1
DA:51,2
LF:25
LH:25
end_of_record
