SF:lib/common/exception.dart
DA:4,4
LF:1
LH:1
end_of_record
SF:lib/data/datasources/tv_series_remote_data_source.dart
DA:19,1
DA:25,1
DA:28,4
DA:30,2
DA:31,1
DA:32,2
DA:33,1
DA:35,1
DA:39,1
DA:41,4
DA:43,2
DA:44,1
DA:45,2
DA:46,1
DA:48,1
DA:52,1
DA:55,4
DA:57,2
DA:58,1
DA:59,2
DA:60,1
DA:62,1
DA:66,1
DA:68,2
DA:69,2
DA:72,2
DA:73,1
DA:74,2
DA:77,1
DA:81,1
DA:84,4
DA:86,2
DA:87,1
DA:88,2
DA:89,1
DA:91,1
DA:95,1
DA:98,4
DA:100,2
DA:101,1
DA:102,2
DA:103,1
DA:105,1
LF:43
LH:43
end_of_record
SF:lib/data/models/tv_series_detail_response.dart
DA:6,2
DA:23,1
DA:24,1
DA:25,1
DA:26,1
DA:27,1
DA:28,1
DA:29,3
DA:30,1
DA:31,1
DA:32,1
DA:33,1
DA:34,1
DA:35,1
DA:36,1
DA:37,1
DA:38,1
DA:39,1
DA:40,1
DA:57,1
DA:58,1
DA:59,1
DA:60,1
DA:61,1
DA:62,1
DA:63,5
DA:64,1
DA:65,1
DA:66,1
DA:67,1
DA:68,1
DA:69,1
DA:70,1
DA:71,1
DA:72,1
DA:76,1
DA:77,1
DA:78,1
DA:79,1
DA:80,1
DA:81,1
DA:82,1
DA:83,1
DA:84,1
DA:85,1
DA:86,1
DA:87,1
DA:88,1
DA:89,1
DA:90,1
DA:91,1
LF:51
LH:51
end_of_record
SF:lib/data/models/tv_series_response.dart
DA:5,3
DA:7,2
DA:8,2
DA:9,2
DA:10,6
DA:11,2
DA:15,2
DA:16,5
DA:19,1
DA:20,2
LF:10
LH:10
end_of_record
SF:lib/common/failure.dart
DA:4,19
DA:7,2
DA:8,4
DA:12,16
DA:16,4
DA:20,6
LF:6
LH:6
end_of_record
SF:lib/data/datasources/db/database_helper.dart
DA:8,0
DA:9,0
DA:16,0
DA:17,0
DA:23,0
DA:24,0
DA:25,0
DA:28,0
DA:32,0
DA:33,0
DA:40,0
DA:42,0
DA:49,0
DA:52,0
DA:53,0
DA:54,0
DA:57,0
DA:58,0
DA:59,0
DA:62,0
DA:63,0
DA:64,0
DA:67,0
DA:71,0
DA:72,0
DA:73,0
DA:76,0
DA:80,0
DA:81,0
DA:82,0
DA:85,0
DA:88,0
DA:89,0
DA:95,0
DA:96,0
DA:97,0
DA:100,0
DA:103,0
DA:104,0
DA:110,0
DA:111,0
DA:113,0
DA:118,0
DA:119,0
DA:121,0
LF:45
LH:0
end_of_record
SF:lib/data/datasources/movie_local_data_source.dart
DA:13,1
DA:16,1
DA:19,2
DA:22,2
DA:26,1
DA:29,2
DA:32,2
DA:36,1
DA:38,2
DA:40,1
DA:46,1
DA:48,2
DA:49,2
LF:13
LH:13
end_of_record
SF:lib/data/datasources/movie_remote_data_source.dart
DA:19,1
DA:25,1
DA:28,4
DA:30,2
DA:31,1
DA:32,2
DA:33,1
DA:35,1
DA:39,1
DA:41,4
DA:43,2
DA:44,1
DA:45,2
DA:48,1
DA:52,1
DA:54,1
DA:55,3
DA:57,2
DA:58,1
DA:59,2
DA:60,1
DA:62,1
DA:66,1
DA:69,4
DA:71,2
DA:72,1
DA:73,2
DA:74,1
DA:76,1
DA:80,1
DA:83,4
DA:85,2
DA:86,1
DA:87,2
DA:88,1
DA:90,1
DA:94,1
DA:96,1
DA:97,3
DA:99,2
DA:100,1
DA:101,2
DA:102,1
DA:104,1
LF:44
LH:44
end_of_record
SF:lib/data/datasources/tv_series_local_data_source.dart
DA:13,1
DA:16,1
DA:19,2
DA:21,1
DA:26,0
DA:30,1
DA:33,2
DA:34,2
DA:36,2
DA:40,1
DA:43,2
DA:46,2
DA:50,1
DA:53,2
DA:56,2
LF:15
LH:14
end_of_record
SF:lib/data/models/movie_detail_model.dart
DA:6,2
DA:30,1
DA:31,1
DA:32,1
DA:33,1
DA:34,1
DA:35,1
DA:36,3
DA:37,1
DA:41,1
DA:42,1
DA:43,1
DA:44,1
DA:45,1
DA:46,1
DA:47,1
DA:48,1
DA:49,1
DA:50,1
DA:51,1
DA:52,1
DA:53,1
DA:54,1
DA:55,1
DA:56,1
DA:57,1
DA:82,0
DA:83,0
DA:84,0
DA:85,0
DA:86,0
DA:87,0
DA:88,0
DA:89,0
DA:90,0
DA:91,0
DA:92,0
DA:93,0
DA:94,0
DA:95,0
DA:96,0
DA:97,0
DA:98,0
DA:99,0
DA:100,0
DA:101,0
DA:102,0
DA:103,0
DA:106,1
DA:107,1
DA:108,1
DA:109,1
DA:110,5
DA:111,1
DA:112,1
DA:113,1
DA:114,1
DA:115,1
DA:116,1
DA:117,1
DA:118,1
DA:119,1
DA:123,1
DA:124,1
DA:125,1
DA:126,1
DA:127,1
DA:128,1
DA:129,1
DA:130,1
DA:131,1
DA:132,1
DA:133,1
DA:134,1
DA:135,1
DA:136,1
DA:137,1
DA:138,1
DA:139,1
DA:140,1
DA:141,1
DA:142,1
DA:143,1
DA:144,1
DA:145,1
LF:85
LH:63
end_of_record
SF:lib/data/models/movie_model.dart
DA:5,5
DA:21,4
DA:22,2
DA:23,2
DA:24,2
DA:25,8
DA:26,0
DA:27,2
DA:28,2
DA:29,2
DA:30,2
DA:31,2
DA:32,2
DA:33,2
DA:34,2
DA:35,4
DA:36,0
DA:37,4
DA:38,0
DA:39,2
DA:40,2
DA:57,2
DA:58,1
DA:59,1
DA:60,4
DA:61,1
DA:62,1
DA:63,1
DA:64,1
DA:65,1
DA:66,1
DA:67,1
DA:68,1
DA:69,1
DA:70,1
DA:73,2
DA:74,2
DA:75,2
DA:76,2
DA:77,2
DA:78,2
DA:79,2
DA:80,2
DA:81,2
DA:82,2
DA:83,2
DA:84,2
DA:85,2
DA:86,2
DA:87,2
DA:91,2
DA:92,2
DA:93,2
DA:94,2
DA:95,2
DA:96,2
DA:97,2
DA:98,2
DA:99,2
DA:100,2
DA:101,2
DA:102,2
DA:103,2
DA:104,2
DA:105,2
LF:65
LH:62
end_of_record
SF:lib/data/models/movie_table.dart
DA:6,24
DA:13,2
DA:14,1
DA:15,1
DA:16,1
DA:17,1
DA:20,2
DA:21,1
DA:22,1
DA:23,1
DA:24,1
DA:31,0
DA:32,0
DA:33,0
DA:34,0
DA:35,0
DA:38,2
DA:39,1
DA:40,1
DA:41,1
DA:42,1
DA:45,2
DA:46,10
LF:23
LH:18
end_of_record
SF:lib/data/models/tv_series_model.dart
DA:5,5
DA:21,4
DA:22,2
DA:23,2
DA:24,2
DA:25,6
DA:27,2
DA:28,2
DA:29,2
DA:30,6
DA:32,2
DA:33,2
DA:34,2
DA:35,2
DA:36,2
DA:37,4
DA:38,0
DA:39,4
DA:40,2
DA:41,2
DA:42,2
DA:58,2
DA:59,2
DA:60,2
DA:61,2
DA:62,2
DA:63,2
DA:64,2
DA:65,2
DA:66,2
DA:67,2
DA:68,2
DA:69,2
DA:70,2
DA:71,2
DA:72,2
DA:76,2
DA:77,1
DA:78,1
DA:79,4
DA:80,1
DA:81,1
DA:82,4
DA:83,1
DA:84,1
DA:85,1
DA:86,1
DA:87,1
DA:88,1
DA:89,1
DA:92,2
DA:93,2
DA:94,2
DA:95,2
DA:96,2
DA:97,2
DA:98,2
DA:99,2
DA:100,2
DA:101,2
DA:102,2
DA:103,2
DA:104,2
DA:105,2
DA:106,2
LF:65
LH:64
end_of_record
SF:lib/data/models/tv_series_table.dart
DA:6,24
DA:13,2
DA:14,1
DA:15,1
DA:16,1
DA:17,1
DA:20,2
DA:21,1
DA:22,1
DA:23,1
DA:24,1
DA:31,0
DA:32,0
DA:33,0
DA:34,0
DA:35,0
DA:38,2
DA:39,1
DA:40,1
DA:41,1
DA:42,1
DA:45,2
DA:46,2
DA:47,2
DA:48,2
DA:49,2
DA:50,2
LF:27
LH:22
end_of_record
SF:lib/domain/entities/movie.dart
DA:4,31
DA:20,23
DA:50,2
DA:51,2
DA:52,2
DA:53,2
DA:54,2
DA:55,2
DA:56,2
DA:57,2
DA:58,2
DA:59,2
DA:60,2
DA:61,2
DA:62,2
DA:63,2
DA:64,2
LF:17
LH:17
end_of_record
SF:lib/domain/entities/movie_detail.dart
DA:5,23
DA:33,1
DA:34,1
DA:35,1
DA:36,1
DA:37,1
DA:38,1
DA:39,1
DA:40,1
DA:41,1
DA:42,1
DA:43,1
DA:44,1
DA:45,1
LF:14
LH:14
end_of_record
SF:lib/domain/entities/tv_series.dart
DA:4,26
DA:20,23
DA:49,2
DA:50,2
DA:51,2
DA:52,2
DA:53,2
DA:54,2
DA:55,2
DA:56,2
DA:57,2
DA:58,2
DA:59,2
DA:60,2
DA:61,2
DA:62,2
DA:63,2
LF:17
LH:17
end_of_record
SF:lib/domain/entities/tv_series_detail.dart
DA:5,23
DA:36,1
DA:37,1
DA:38,1
DA:39,1
DA:40,1
DA:41,1
DA:42,1
DA:43,1
DA:44,1
DA:45,1
DA:46,1
DA:47,1
DA:48,1
DA:49,1
DA:50,1
DA:51,1
LF:17
LH:17
end_of_record
SF:lib/data/models/movie_response.dart
DA:5,3
DA:7,4
DA:8,2
DA:9,6
DA:10,2
DA:14,2
DA:15,5
DA:18,1
DA:19,2
LF:9
LH:9
end_of_record
SF:lib/data/models/genre_model.dart
DA:5,4
DA:10,4
DA:11,2
DA:12,2
DA:18,0
DA:19,0
DA:20,0
DA:23,2
DA:24,6
DA:27,2
DA:28,6
LF:11
LH:8
end_of_record
SF:lib/domain/entities/genre.dart
DA:4,24
DA:12,2
DA:13,6
LF:3
LH:3
end_of_record
SF:lib/data/repositories/movie_repository_impl.dart
DA:14,1
DA:21,1
DA:24,2
DA:25,5
DA:26,1
DA:28,1
DA:33,1
DA:36,2
DA:37,2
DA:38,1
DA:40,1
DA:45,1
DA:48,2
DA:49,3
DA:50,1
DA:52,1
DA:57,1
DA:60,2
DA:61,5
DA:62,1
DA:64,1
DA:69,1
DA:72,2
DA:73,5
DA:74,1
DA:76,1
DA:81,1
DA:84,2
DA:85,5
DA:86,1
DA:88,1
DA:93,1
DA:97,3
DA:98,1
DA:99,1
DA:100,3
DA:106,1
DA:110,3
DA:111,1
DA:112,1
DA:113,3
DA:117,1
DA:119,2
DA:123,1
DA:125,2
DA:126,5
LF:46
LH:46
end_of_record
SF:lib/data/repositories/tv_series_repository_impl.dart
DA:14,1
DA:21,1
DA:24,2
DA:25,5
DA:26,1
DA:28,1
DA:33,1
DA:36,2
DA:37,5
DA:38,1
DA:40,1
DA:45,1
DA:48,2
DA:49,5
DA:50,1
DA:52,1
DA:57,1
DA:60,2
DA:61,2
DA:62,1
DA:64,1
DA:69,1
DA:74,2
DA:75,5
DA:76,1
DA:78,1
DA:83,1
DA:86,2
DA:87,5
DA:88,1
DA:90,1
DA:95,1
DA:98,2
DA:99,5
DA:100,0
DA:101,0
DA:107,1
DA:109,2
DA:113,1
DA:118,1
DA:119,2
DA:120,1
DA:121,1
DA:122,3
DA:126,1
DA:129,1
DA:130,2
DA:131,1
DA:132,1
DA:133,3
LF:50
LH:48
end_of_record
SF:lib/domain/usecases/get_watchlist_status_tv.dart
DA:4,1
DA:7,1
DA:8,2
LF:3
LH:3
end_of_record
SF:lib/domain/usecases/get_top_rated_movies.dart
DA:7,1
DA:10,1
DA:11,2
LF:3
LH:3
end_of_record
SF:lib/domain/usecases/save_watchlist.dart
DA:7,1
DA:10,1
DA:11,2
LF:3
LH:3
end_of_record
SF:lib/domain/usecases/get_movie_detail.dart
DA:7,1
DA:10,1
DA:11,2
LF:3
LH:3
end_of_record
SF:lib/domain/usecases/get_watchlist_tv.dart
DA:7,1
DA:10,1
DA:11,2
LF:3
LH:3
end_of_record
SF:lib/domain/usecases/get_tv_airing_today.dart
DA:7,1
DA:10,1
DA:11,2
LF:3
LH:3
end_of_record
SF:lib/domain/usecases/get_tv_top_rated.dart
DA:7,1
DA:10,1
DA:11,2
LF:3
LH:3
end_of_record
SF:lib/domain/usecases/get_movie_recommendations.dart
DA:7,1
DA:10,1
DA:11,2
LF:3
LH:3
end_of_record
SF:lib/domain/usecases/get_watchlist_movies.dart
DA:7,1
DA:10,1
DA:11,2
LF:3
LH:3
end_of_record
SF:lib/domain/usecases/get_now_playing_movies.dart
DA:7,1
DA:10,1
DA:11,2
LF:3
LH:3
end_of_record
SF:lib/domain/usecases/get_tv_recommendations.dart
DA:7,1
DA:10,1
DA:11,2
LF:3
LH:3
end_of_record
SF:lib/domain/usecases/remove_watchlist.dart
DA:7,1
DA:10,1
DA:11,2
LF:3
LH:3
end_of_record
SF:lib/domain/usecases/remove_watchlist_tv.dart
DA:7,1
DA:10,1
DA:11,2
LF:3
LH:3
end_of_record
SF:lib/domain/usecases/get_popular_movies.dart
DA:7,1
DA:10,1
DA:11,2
LF:3
LH:3
end_of_record
SF:lib/domain/usecases/get_tv_search.dart
DA:7,1
DA:10,1
DA:11,2
LF:3
LH:3
end_of_record
SF:lib/domain/usecases/save_watchlist_tv.dart
DA:7,1
DA:10,1
DA:11,2
LF:3
LH:3
end_of_record
SF:lib/domain/usecases/get_tv_popular.dart
DA:7,1
DA:10,1
DA:11,2
LF:3
LH:3
end_of_record
SF:lib/domain/usecases/search_movies.dart
DA:7,1
DA:10,1
DA:11,2
LF:3
LH:3
end_of_record
SF:lib/domain/usecases/get_tv_detail.dart
DA:7,1
DA:10,1
DA:11,2
LF:3
LH:3
end_of_record
SF:lib/domain/usecases/get_watchlist_status.dart
DA:4,1
DA:7,1
DA:8,2
LF:3
LH:3
end_of_record
SF:lib/presentation/provider/movie_detail_notifier.dart
DA:13,1
DA:30,2
DA:33,2
DA:36,2
DA:39,2
DA:42,2
DA:45,2
DA:47,1
DA:48,1
DA:49,1
DA:50,2
DA:51,2
DA:52,1
DA:53,1
DA:54,1
DA:55,2
DA:56,1
DA:58,1
DA:59,1
DA:60,1
DA:61,1
DA:62,1
DA:63,1
DA:64,1
DA:65,2
DA:67,1
DA:68,1
DA:69,1
DA:72,1
DA:73,1
DA:79,2
DA:81,1
DA:82,2
DA:84,1
DA:85,1
DA:86,2
DA:88,1
DA:89,1
DA:93,2
DA:96,1
DA:97,2
DA:99,1
DA:100,0
DA:101,0
DA:103,1
DA:104,1
DA:108,2
DA:111,1
DA:112,2
DA:113,1
DA:114,1
LF:51
LH:49
end_of_record
SF:lib/presentation/provider/watchlist_movie_notifier.dart
DA:7,1
DA:9,2
DA:12,2
DA:15,2
DA:19,1
DA:20,1
DA:21,1
DA:23,2
DA:24,1
DA:25,1
DA:26,1
DA:27,2
DA:28,1
DA:30,1
DA:31,1
DA:32,1
DA:33,1
LF:17
LH:17
end_of_record
SF:lib/presentation/provider/tv_series_list_notifier.dart
DA:9,1
DA:20,2
DA:22,2
DA:25,2
DA:27,2
DA:30,2
DA:32,2
DA:35,2
DA:37,1
DA:38,1
DA:39,1
DA:41,2
DA:43,1
DA:44,1
DA:45,1
DA:46,2
DA:47,1
DA:49,1
DA:50,1
DA:51,1
DA:52,1
DA:57,1
DA:58,1
DA:59,1
DA:61,2
DA:63,1
DA:64,1
DA:65,1
DA:66,2
DA:67,1
DA:69,1
DA:70,1
DA:71,1
DA:72,1
DA:77,1
DA:78,1
DA:79,1
DA:81,2
DA:83,1
DA:84,1
DA:85,1
DA:86,2
DA:87,1
DA:89,1
DA:90,1
DA:91,1
DA:92,1
LF:47
LH:47
end_of_record
SF:lib/presentation/provider/popular_movies_notifier.dart
DA:7,1
DA:11,2
DA:14,2
DA:17,2
DA:19,1
DA:20,1
DA:21,1
DA:23,2
DA:25,1
DA:26,1
DA:27,2
DA:28,1
DA:29,1
DA:31,1
DA:32,1
DA:33,1
DA:34,1
LF:17
LH:17
end_of_record
SF:lib/presentation/provider/tv_series_popular_notifier.dart
DA:7,1
DA:14,2
DA:16,2
DA:19,2
DA:21,1
DA:22,1
DA:23,1
DA:25,2
DA:27,1
DA:28,1
DA:29,1
DA:30,2
DA:31,1
DA:33,1
DA:34,1
DA:35,1
DA:36,1
DA:37,1
LF:18
LH:18
end_of_record
SF:lib/presentation/provider/tv_series_airing_today_notifier.dart
DA:7,1
DA:12,2
DA:15,2
DA:18,2
DA:20,1
DA:21,1
DA:22,1
DA:24,2
DA:26,1
DA:27,1
DA:28,1
DA:29,2
DA:30,1
DA:32,1
DA:33,1
DA:34,1
DA:35,1
LF:17
LH:17
end_of_record
SF:lib/presentation/provider/tv_series_top_rated_notifier.dart
DA:7,1
DA:12,2
DA:15,2
DA:18,2
DA:20,1
DA:21,1
DA:22,1
DA:24,2
DA:26,1
DA:27,1
DA:28,1
DA:29,2
DA:30,1
DA:32,1
DA:33,1
DA:34,1
DA:35,1
DA:36,1
LF:18
LH:18
end_of_record
SF:lib/presentation/provider/movie_list_notifier.dart
DA:9,1
DA:15,2
DA:18,2
DA:21,2
DA:24,2
DA:27,2
DA:30,2
DA:33,2
DA:39,1
DA:40,1
DA:41,1
DA:43,2
DA:44,1
DA:45,1
DA:46,1
DA:47,2
DA:48,1
DA:50,1
DA:51,1
DA:52,1
DA:53,1
DA:58,1
DA:59,1
DA:60,1
DA:62,2
DA:63,1
DA:64,1
DA:65,1
DA:66,2
DA:67,1
DA:69,1
DA:70,1
DA:71,1
DA:72,1
DA:77,1
DA:78,1
DA:79,1
DA:81,2
DA:82,1
DA:83,1
DA:84,1
DA:85,2
DA:86,1
DA:88,1
DA:89,1
DA:90,1
DA:91,1
LF:47
LH:47
end_of_record
SF:lib/presentation/provider/tv_series_detail_notifier.dart
DA:12,1
DA:27,2
DA:29,2
DA:32,2
DA:34,1
DA:35,1
DA:38,2
DA:41,2
DA:44,2
DA:46,1
DA:47,1
DA:48,1
DA:49,2
DA:50,2
DA:52,1
DA:53,1
DA:54,1
DA:55,2
DA:56,1
DA:58,1
DA:59,1
DA:60,1
DA:61,1
DA:63,2
DA:64,1
DA:65,2
DA:66,1
DA:67,1
DA:68,1
DA:71,1
DA:72,1
DA:77,1
DA:78,2
DA:80,1
DA:81,0
DA:82,0
DA:84,1
DA:85,1
DA:88,2
DA:91,1
DA:92,2
DA:94,1
DA:95,0
DA:96,0
DA:98,1
DA:99,1
DA:102,2
DA:105,1
DA:106,2
DA:107,1
DA:108,1
LF:51
LH:47
end_of_record
SF:lib/presentation/provider/watchlist_tv_series_notifier.dart
DA:7,1
DA:12,2
DA:15,2
DA:18,2
DA:20,1
DA:21,1
DA:22,1
DA:24,2
DA:26,1
DA:27,1
DA:28,2
DA:29,1
DA:30,1
DA:32,1
DA:33,1
DA:34,1
DA:35,1
DA:36,1
LF:18
LH:18
end_of_record
SF:lib/presentation/provider/tv_series_search_notifier.dart
DA:7,1
DA:12,2
DA:15,2
DA:18,2
DA:20,1
DA:21,1
DA:22,1
DA:24,2
DA:26,1
DA:27,1
DA:28,2
DA:29,1
DA:30,1
DA:32,1
DA:33,1
DA:34,1
DA:35,1
DA:36,1
LF:18
LH:18
end_of_record
SF:lib/presentation/provider/movie_search_notifier.dart
DA:7,1
DA:11,2
DA:14,2
DA:17,2
DA:19,1
DA:20,1
DA:21,1
DA:23,2
DA:24,1
DA:25,1
DA:26,2
DA:27,1
DA:28,1
DA:30,1
DA:31,1
DA:32,1
DA:33,1
LF:17
LH:17
end_of_record
SF:lib/presentation/provider/top_rated_movies_notifier.dart
DA:7,1
DA:11,2
DA:14,2
DA:17,2
DA:19,1
DA:20,1
DA:21,1
DA:23,2
DA:25,1
DA:26,1
DA:27,2
DA:28,1
DA:29,1
DA:31,1
DA:32,1
DA:33,1
DA:34,1
LF:17
LH:17
end_of_record
SF:lib/presentation/pages/top_rated_movies_page.dart
DA:8,1
DA:12,1
DA:13,1
DA:17,1
DA:19,1
DA:20,1
DA:21,3
DA:22,1
DA:26,1
DA:28,1
DA:29,1
DA:32,1
DA:34,1
DA:35,1
DA:36,2
DA:40,2
DA:41,1
DA:42,0
DA:43,0
DA:44,0
DA:46,2
DA:49,1
DA:51,2
LF:23
LH:20
end_of_record
SF:lib/common/constants.dart
DA:16,3
DA:20,3
DA:25,0
DA:30,0
DA:37,0
DA:38,0
DA:39,0
DA:40,0
DA:41,0
LF:9
LH:2
end_of_record
SF:lib/presentation/pages/movie_detail_page.dart
DA:13,1
DA:18,1
DA:19,1
DA:23,1
DA:25,1
DA:26,2
DA:27,2
DA:28,3
DA:29,2
DA:30,3
DA:34,1
DA:36,1
DA:37,1
DA:38,1
DA:39,2
DA:43,2
DA:44,1
DA:45,1
DA:46,1
DA:48,1
DA:49,1
DA:53,0
DA:62,1
DA:72,1
DA:74,3
DA:75,1
DA:76,1
DA:77,2
DA:78,1
DA:79,3
DA:81,1
DA:84,0
DA:87,0
DA:90,0
DA:92,0
DA:93,0
DA:96,1
DA:98,1
DA:99,1
DA:100,1
DA:112,1
DA:113,1
DA:114,1
DA:116,1
DA:118,1
DA:120,1
DA:121,1
DA:122,2
DA:123,1
DA:125,1
DA:126,1
DA:127,1
DA:129,1
DA:130,3
DA:132,1
DA:133,3
DA:135,1
DA:136,1
DA:137,1
DA:138,3
DA:139,1
DA:145,4
DA:149,1
DA:151,1
DA:153,1
DA:154,2
DA:157,1
DA:159,1
DA:161,1
DA:162,1
DA:163,2
DA:168,2
DA:170,0
DA:171,2
DA:173,1
DA:174,1
DA:177,0
DA:185,1
DA:187,1
DA:200,1
DA:202,1
DA:205,1
DA:207,0
DA:208,0
DA:217,1
DA:218,1
DA:220,2
DA:221,2
DA:223,1
DA:225,1
DA:229,3
DA:232,1
DA:233,1
DA:234,1
DA:236,1
DA:237,1
DA:239,0
DA:245,1
DA:252,1
DA:254,1
DA:256,1
DA:258,0
DA:259,0
DA:260,0
DA:262,0
DA:263,0
DA:264,0
DA:267,0
DA:270,0
DA:274,0
DA:275,0
DA:277,0
DA:278,0
DA:281,0
DA:289,2
DA:296,1
DA:305,1
DA:307,1
DA:308,1
DA:309,1
DA:310,1
DA:313,2
DA:315,0
DA:318,0
DA:321,1
DA:322,1
DA:325,1
DA:327,1
DA:328,1
DA:329,2
DA:330,2
DA:333,1
DA:335,1
DA:336,1
DA:337,1
DA:344,1
DA:346,1
DA:347,1
DA:348,1
DA:350,1
DA:351,1
LF:141
LH:115
end_of_record
SF:lib/presentation/widgets/movie_card_list.dart
DA:8,0
DA:11,0
DA:13,0
DA:15,0
DA:16,0
DA:17,0
DA:20,0
DA:23,0
DA:25,0
DA:26,0
DA:27,0
DA:33,0
DA:35,0
DA:36,0
DA:37,0
DA:40,0
DA:43,0
DA:44,0
DA:52,0
DA:57,0
DA:59,0
DA:60,0
DA:62,0
DA:64,0
DA:67,0
DA:70,0
DA:72,0
DA:75,0
LF:28
LH:0
end_of_record
SF:lib/presentation/pages/popular_movies_page.dart
DA:8,1
DA:12,1
DA:13,1
DA:17,1
DA:19,1
DA:20,1
DA:21,3
DA:22,1
DA:26,1
DA:28,1
DA:29,1
DA:32,1
DA:34,1
DA:35,1
DA:36,2
DA:40,2
DA:41,1
DA:42,0
DA:43,0
DA:44,0
DA:46,2
DA:49,1
DA:51,2
LF:23
LH:20
end_of_record
